2025-06-06 06:56:54 - INFO - ObsClippingsManager.WorkflowManager - Starting workflow execution: sync_check
2025-06-06 06:56:54 - INFO - ObsClippingsManager.WorkflowManager - Executing sync check workflow
2025-06-06 06:56:54 - INFO - ObsClippingsManager.Workflows.SyncCheck - Starting sync check workflow
2025-06-06 06:56:54 - INFO - ObsClippingsManager.Workflows.SyncCheck - Parsing BibTeX file
2025-06-06 06:56:54 - INFO - ObsClippingsManager.Workflows.SyncCheck - Scanning Clippings directory
2025-06-06 06:56:54 - INFO - ObsClippingsManager.Workflows.SyncCheck - Checking papers missing in Clippings
2025-06-06 06:56:54 - INFO - ObsClippingsManager.Workflows.SyncCheck - Found 0 papers in bib but missing in clippings
2025-06-06 06:56:54 - INFO - ObsClippingsManager.Workflows.SyncCheck - Checking directories missing in BibTeX
2025-06-06 06:56:54 - INFO - ObsClippingsManager.Workflows.SyncCheck - Found 0 orphaned directories in clippings
2025-06-06 06:56:54 - INFO - ObsClippingsManager.Workflows.SyncCheck - Sync check completed - no issues found
2025-06-06 06:56:54 - INFO - ObsClippingsManager.WorkflowManager - Workflow completed successfully: sync_check
2025-06-06 06:57:44 - INFO - ObsClippingsManager.WorkflowManager - Starting workflow execution: sync_check
2025-06-06 06:57:44 - INFO - ObsClippingsManager.WorkflowManager - Executing sync check workflow
2025-06-06 06:57:44 - INFO - ObsClippingsManager.Workflows.SyncCheck - Starting sync check workflow
2025-06-06 06:57:44 - INFO - ObsClippingsManager.Workflows.SyncCheck - Parsing BibTeX file
2025-06-06 06:57:44 - INFO - ObsClippingsManager.Workflows.SyncCheck - Scanning Clippings directory
2025-06-06 06:57:44 - INFO - ObsClippingsManager.Workflows.SyncCheck - Checking papers missing in Clippings
2025-06-06 06:57:44 - INFO - ObsClippingsManager.Workflows.SyncCheck - Found 0 papers in bib but missing in clippings
2025-06-06 06:57:44 - INFO - ObsClippingsManager.Workflows.SyncCheck - Checking directories missing in BibTeX
2025-06-06 06:57:44 - INFO - ObsClippingsManager.Workflows.SyncCheck - Found 0 orphaned directories in clippings
2025-06-06 06:57:44 - INFO - ObsClippingsManager.Workflows.SyncCheck - Sync check completed - no issues found
2025-06-06 06:57:44 - INFO - ObsClippingsManager.WorkflowManager - Workflow completed successfully: sync_check
2025-06-06 07:01:48 - INFO - ObsClippingsManager.WorkflowManager - Starting workflow execution: sync_check
2025-06-06 07:01:48 - INFO - ObsClippingsManager.WorkflowManager - Executing sync check workflow
2025-06-06 07:01:48 - INFO - ObsClippingsManager.Workflows.SyncCheck - Starting sync check workflow
2025-06-06 07:01:48 - INFO - ObsClippingsManager.Workflows.SyncCheck - Parsing BibTeX file
2025-06-06 07:01:48 - INFO - ObsClippingsManager.Workflows.SyncCheck - Scanning Clippings directory
2025-06-06 07:01:48 - INFO - ObsClippingsManager.Workflows.SyncCheck - Checking papers missing in Clippings
2025-06-06 07:01:48 - INFO - ObsClippingsManager.Workflows.SyncCheck - Found 0 papers in bib but missing in clippings
2025-06-06 07:01:48 - INFO - ObsClippingsManager.Workflows.SyncCheck - Checking directories missing in BibTeX
2025-06-06 07:01:48 - INFO - ObsClippingsManager.Workflows.SyncCheck - Found 0 orphaned directories in clippings
2025-06-06 07:01:48 - INFO - ObsClippingsManager.Workflows.SyncCheck - Sync check completed - no issues found
2025-06-06 07:01:48 - INFO - ObsClippingsManager.WorkflowManager - Workflow completed successfully: sync_check
2025-06-06 07:02:35 - INFO - ObsClippingsManager.WorkflowManager - Starting workflow execution: sync_check
2025-06-06 07:02:35 - INFO - ObsClippingsManager.WorkflowManager - Executing sync check workflow
2025-06-06 07:02:35 - INFO - ObsClippingsManager.Workflows.SyncCheck - Starting sync check workflow
2025-06-06 07:02:35 - INFO - ObsClippingsManager.Workflows.SyncCheck - Parsing BibTeX file
2025-06-06 07:02:35 - INFO - ObsClippingsManager.Workflows.SyncCheck - Scanning Clippings directory
2025-06-06 07:02:35 - INFO - ObsClippingsManager.Workflows.SyncCheck - Checking papers missing in Clippings
2025-06-06 07:02:35 - INFO - ObsClippingsManager.Workflows.SyncCheck - Found 0 papers in bib but missing in clippings
2025-06-06 07:02:35 - INFO - ObsClippingsManager.Workflows.SyncCheck - Checking directories missing in BibTeX
2025-06-06 07:02:35 - INFO - ObsClippingsManager.Workflows.SyncCheck - Found 0 orphaned directories in clippings
2025-06-06 07:02:35 - INFO - ObsClippingsManager.Workflows.SyncCheck - Sync check completed - no issues found
2025-06-06 07:02:35 - INFO - ObsClippingsManager.WorkflowManager - Workflow completed successfully: sync_check
2025-06-06 07:03:57 - INFO - ObsClippingsManager.WorkflowManager - Starting workflow execution: sync_check
2025-06-06 07:03:57 - INFO - ObsClippingsManager.WorkflowManager - Executing sync check workflow
2025-06-06 07:03:57 - INFO - ObsClippingsManager.Workflows.SyncCheck - Starting sync check workflow
2025-06-06 07:03:57 - INFO - ObsClippingsManager.Workflows.SyncCheck - Parsing BibTeX file
2025-06-06 07:03:57 - INFO - ObsClippingsManager.Workflows.SyncCheck - Scanning Clippings directory
2025-06-06 07:03:57 - INFO - ObsClippingsManager.Workflows.SyncCheck - Checking papers missing in Clippings
2025-06-06 07:03:57 - INFO - ObsClippingsManager.Workflows.SyncCheck - Found 0 papers in bib but missing in clippings
2025-06-06 07:03:57 - INFO - ObsClippingsManager.Workflows.SyncCheck - Checking directories missing in BibTeX
2025-06-06 07:03:57 - INFO - ObsClippingsManager.Workflows.SyncCheck - Found 0 orphaned directories in clippings
2025-06-06 07:03:57 - INFO - ObsClippingsManager.Workflows.SyncCheck - Sync check completed - no issues found
2025-06-06 07:03:57 - INFO - ObsClippingsManager.WorkflowManager - Workflow completed successfully: sync_check
2025-06-06 07:05:23 - INFO - ObsClippingsManager.WorkflowManager - Starting workflow execution: sync_check
2025-06-06 07:05:23 - INFO - ObsClippingsManager.WorkflowManager - Executing sync check workflow
2025-06-06 07:05:23 - INFO - ObsClippingsManager.Workflows.SyncCheck - Starting sync check workflow
2025-06-06 07:05:23 - INFO - ObsClippingsManager.Workflows.SyncCheck - Parsing BibTeX file
2025-06-06 07:05:23 - INFO - ObsClippingsManager.Workflows.SyncCheck - Scanning Clippings directory
2025-06-06 07:05:23 - INFO - ObsClippingsManager.Workflows.SyncCheck - Checking papers missing in Clippings
2025-06-06 07:05:23 - INFO - ObsClippingsManager.Workflows.SyncCheck - Found 2 papers in bib but missing in clippings
2025-06-06 07:05:23 - INFO - ObsClippingsManager.Workflows.SyncCheck - Checking directories missing in BibTeX
2025-06-06 07:05:23 - INFO - ObsClippingsManager.Workflows.SyncCheck - Found 1 orphaned directories in clippings
2025-06-06 07:05:23 - INFO - ObsClippingsManager.Workflows.SyncCheck - Sync check completed - 3 issues found
2025-06-06 07:05:23 - INFO - ObsClippingsManager.WorkflowManager - Workflow completed successfully: sync_check
2025-06-06 07:05:35 - INFO - ObsClippingsManager.WorkflowManager - Starting workflow execution: sync_check
2025-06-06 07:05:35 - INFO - ObsClippingsManager.WorkflowManager - Executing sync check workflow
2025-06-06 07:05:35 - INFO - ObsClippingsManager.Workflows.SyncCheck - Starting sync check workflow
2025-06-06 07:05:35 - INFO - ObsClippingsManager.Workflows.SyncCheck - Parsing BibTeX file
2025-06-06 07:05:35 - INFO - ObsClippingsManager.Workflows.SyncCheck - Scanning Clippings directory
2025-06-06 07:05:35 - INFO - ObsClippingsManager.Workflows.SyncCheck - Checking papers missing in Clippings
2025-06-06 07:05:35 - INFO - ObsClippingsManager.Workflows.SyncCheck - Found 2 papers in bib but missing in clippings
2025-06-06 07:05:43 - INFO - ObsClippingsManager.Workflows.SyncCheck - Opened URL in browser: https://doi.org/10.1000/missing.doi.004
2025-06-06 07:05:43 - INFO - ObsClippingsManager.Workflows.SyncCheck - Checking directories missing in BibTeX
2025-06-06 07:05:43 - INFO - ObsClippingsManager.Workflows.SyncCheck - Found 1 orphaned directories in clippings
2025-06-06 07:05:43 - INFO - ObsClippingsManager.Workflows.SyncCheck - Sync check completed - 3 issues found
2025-06-06 07:05:43 - INFO - ObsClippingsManager.WorkflowManager - Workflow completed successfully: sync_check
2025-06-06 07:06:02 - INFO - ObsClippingsManager.WorkflowManager - Starting workflow execution: sync_check
2025-06-06 07:06:02 - INFO - ObsClippingsManager.WorkflowManager - Executing sync check workflow
2025-06-06 07:06:02 - INFO - ObsClippingsManager.Workflows.SyncCheck - Starting sync check workflow
2025-06-06 07:06:02 - INFO - ObsClippingsManager.Workflows.SyncCheck - Parsing BibTeX file
2025-06-06 07:06:02 - INFO - ObsClippingsManager.Workflows.SyncCheck - Scanning Clippings directory
2025-06-06 07:06:02 - INFO - ObsClippingsManager.Workflows.SyncCheck - Checking papers missing in Clippings
2025-06-06 07:06:02 - INFO - ObsClippingsManager.Workflows.SyncCheck - Found 2 papers in bib but missing in clippings
2025-06-06 07:06:02 - INFO - ObsClippingsManager.Workflows.SyncCheck - Sync check completed - 2 issues found
2025-06-06 07:06:02 - INFO - ObsClippingsManager.WorkflowManager - Workflow completed successfully: sync_check
